The system is: Linux - 3.16.7-53-desktop - x86_64
Compiling the C compiler identification source file "CMakeCCompilerId.c" succeeded.
Compiler: /home/sonne/tpls/gcc/bin/gcc 
Build flags: 
Id flags:  

The output was:
0


Compilation of the C compiler identification source "CMakeCCompilerId.c" produced "a.out"

The C compiler identification is GNU, found in "/home/sonne/codes/moris/projects/LINALG/CMakeFiles/3.8.0-rc2/CompilerIdC/a.out"

Compiling the CXX compiler identification source file "CMakeCXXCompilerId.cpp" succeeded.
Compiler: /home/sonne/tpls/gcc/bin/g++ 
Build flags: 
Id flags:  

The output was:
0


Compilation of the CXX compiler identification source "CMakeCXXCompilerId.cpp" produced "a.out"

The CXX compiler identification is GNU, found in "/home/sonne/codes/moris/projects/LINALG/CMakeFiles/3.8.0-rc2/CompilerIdCXX/a.out"

Determining if the C compiler works passed with the following output:
Change Dir: /home/sonne/codes/moris/projects/LINALG/CMakeFiles/CMakeTmp

Run Build Command:"/usr/bin/gmake" "cmTC_4cd7c/fast"
/usr/bin/gmake -f CMakeFiles/cmTC_4cd7c.dir/build.make CMakeFiles/cmTC_4cd7c.dir/build
gmake[1]: Entering directory '/home/sonne/codes/moris/projects/LINALG/CMakeFiles/CMakeTmp'
Building C object CMakeFiles/cmTC_4cd7c.dir/testCCompiler.c.o
/home/sonne/tpls/gcc/bin/gcc    -o CMakeFiles/cmTC_4cd7c.dir/testCCompiler.c.o   -c /home/sonne/codes/moris/projects/LINALG/CMakeFiles/CMakeTmp/testCCompiler.c
Linking C executable cmTC_4cd7c
/home/maute/tpls/cmake-3.8.0-rc2/bin/cmake -E cmake_link_script CMakeFiles/cmTC_4cd7c.dir/link.txt --verbose=1
/home/sonne/tpls/gcc/bin/gcc      -rdynamic CMakeFiles/cmTC_4cd7c.dir/testCCompiler.c.o  -o cmTC_4cd7c 
gmake[1]: Leaving directory '/home/sonne/codes/moris/projects/LINALG/CMakeFiles/CMakeTmp'


Detecting C compiler ABI info compiled with the following output:
Change Dir: /home/sonne/codes/moris/projects/LINALG/CMakeFiles/CMakeTmp

Run Build Command:"/usr/bin/gmake" "cmTC_9759c/fast"
/usr/bin/gmake -f CMakeFiles/cmTC_9759c.dir/build.make CMakeFiles/cmTC_9759c.dir/build
gmake[1]: Entering directory '/home/sonne/codes/moris/projects/LINALG/CMakeFiles/CMakeTmp'
Building C object CMakeFiles/cmTC_9759c.dir/CMakeCCompilerABI.c.o
/home/sonne/tpls/gcc/bin/gcc    -o CMakeFiles/cmTC_9759c.dir/CMakeCCompilerABI.c.o   -c /home/maute/tpls/cmake-3.8.0-rc2/share/cmake-3.8/Modules/CMakeCCompilerABI.c
Linking C executable cmTC_9759c
/home/maute/tpls/cmake-3.8.0-rc2/bin/cmake -E cmake_link_script CMakeFiles/cmTC_9759c.dir/link.txt --verbose=1
/home/sonne/tpls/gcc/bin/gcc     -v -rdynamic CMakeFiles/cmTC_9759c.dir/CMakeCCompilerABI.c.o  -o cmTC_9759c 
Using built-in specs.
COLLECT_GCC=/home/sonne/tpls/gcc/bin/gcc
COLLECT_LTO_WRAPPER=/home/maute/tpls/gcc-6.2.0/libexec/gcc/x86_64-pc-linux-gnu/6.2.0/lto-wrapper
Target: x86_64-pc-linux-gnu
Configured with: ../gcc-6.2.0/configure --prefix=/home/maute/tpls/gcc-6.2.0 --enable-threads=posix --enable-languages=c,c++,fortran --with-gmp=/home/maute/tpls/gmp --with-mpfr=/home/maute/tpls/mpfr --with-mpc=/home/maute/tpls/mpc --disable-multilib
Thread model: posix
gcc version 6.2.0 (GCC) 
COMPILER_PATH=/home/maute/tpls/gcc-6.2.0/libexec/gcc/x86_64-pc-linux-gnu/6.2.0/:/home/maute/tpls/gcc-6.2.0/libexec/gcc/x86_64-pc-linux-gnu/6.2.0/:/home/maute/tpls/gcc-6.2.0/libexec/gcc/x86_64-pc-linux-gnu/:/home/maute/tpls/gcc-6.2.0/lib/gcc/x86_64-pc-linux-gnu/6.2.0/:/home/maute/tpls/gcc-6.2.0/lib/gcc/x86_64-pc-linux-gnu/
LIBRARY_PATH=/home/maute/tpls/gcc-6.2.0/lib/gcc/x86_64-pc-linux-gnu/6.2.0/:/home/maute/tpls/gcc-6.2.0/lib/gcc/x86_64-pc-linux-gnu/6.2.0/../../../../lib64/:/lib/../lib64/:/usr/lib/../lib64/:/home/maute/tpls/gcc-6.2.0/lib/gcc/x86_64-pc-linux-gnu/6.2.0/../../../:/lib/:/usr/lib/
COLLECT_GCC_OPTIONS='-v' '-rdynamic' '-o' 'cmTC_9759c' '-mtune=generic' '-march=x86-64'
 /home/maute/tpls/gcc-6.2.0/libexec/gcc/x86_64-pc-linux-gnu/6.2.0/collect2 -plugin /home/maute/tpls/gcc-6.2.0/libexec/gcc/x86_64-pc-linux-gnu/6.2.0/liblto_plugin.so -plugin-opt=/home/maute/tpls/gcc-6.2.0/libexec/gcc/x86_64-pc-linux-gnu/6.2.0/lto-wrapper -plugin-opt=-fresolution=/tmp/ccBfLbWm.res -plugin-opt=-pass-through=-lgcc -plugin-opt=-pass-through=-lgcc_s -plugin-opt=-pass-through=-lc -plugin-opt=-pass-through=-lgcc -plugin-opt=-pass-through=-lgcc_s --eh-frame-hdr -m elf_x86_64 -export-dynamic -dynamic-linker /lib64/ld-linux-x86-64.so.2 -o cmTC_9759c /usr/lib/../lib64/crt1.o /usr/lib/../lib64/crti.o /home/maute/tpls/gcc-6.2.0/lib/gcc/x86_64-pc-linux-gnu/6.2.0/crtbegin.o -L/home/maute/tpls/gcc-6.2.0/lib/gcc/x86_64-pc-linux-gnu/6.2.0 -L/home/maute/tpls/gcc-6.2.0/lib/gcc/x86_64-pc-linux-gnu/6.2.0/../../../../lib64 -L/lib/../lib64 -L/usr/lib/../lib64 -L/home/maute/tpls/gcc-6.2.0/lib/gcc/x86_64-pc-linux-gnu/6.2.0/../../.. CMakeFiles/cmTC_9759c.dir/CMakeCCompilerABI.c.o -lgcc --as-needed -lgcc_s --no-as-needed -lc -lgcc --as-needed -lgcc_s --no-as-needed /home/maute/tpls/gcc-6.2.0/lib/gcc/x86_64-pc-linux-gnu/6.2.0/crtend.o /usr/lib/../lib64/crtn.o
COLLECT_GCC_OPTIONS='-v' '-rdynamic' '-o' 'cmTC_9759c' '-mtune=generic' '-march=x86-64'
gmake[1]: Leaving directory '/home/sonne/codes/moris/projects/LINALG/CMakeFiles/CMakeTmp'


Parsed C implicit link information from above output:
  link line regex: [^( *|.*[/\])(ld|([^/\]+-)?ld|collect2)[^/\]*( |$)]
  ignore line: [Change Dir: /home/sonne/codes/moris/projects/LINALG/CMakeFiles/CMakeTmp]
  ignore line: []
  ignore line: [Run Build Command:"/usr/bin/gmake" "cmTC_9759c/fast"]
  ignore line: [/usr/bin/gmake -f CMakeFiles/cmTC_9759c.dir/build.make CMakeFiles/cmTC_9759c.dir/build]
  ignore line: [gmake[1]: Entering directory '/home/sonne/codes/moris/projects/LINALG/CMakeFiles/CMakeTmp']
  ignore line: [Building C object CMakeFiles/cmTC_9759c.dir/CMakeCCompilerABI.c.o]
  ignore line: [/home/sonne/tpls/gcc/bin/gcc    -o CMakeFiles/cmTC_9759c.dir/CMakeCCompilerABI.c.o   -c /home/maute/tpls/cmake-3.8.0-rc2/share/cmake-3.8/Modules/CMakeCCompilerABI.c]
  ignore line: [Linking C executable cmTC_9759c]
  ignore line: [/home/maute/tpls/cmake-3.8.0-rc2/bin/cmake -E cmake_link_script CMakeFiles/cmTC_9759c.dir/link.txt --verbose=1]
  ignore line: [/home/sonne/tpls/gcc/bin/gcc     -v -rdynamic CMakeFiles/cmTC_9759c.dir/CMakeCCompilerABI.c.o  -o cmTC_9759c ]
  ignore line: [Using built-in specs.]
  ignore line: [COLLECT_GCC=/home/sonne/tpls/gcc/bin/gcc]
  ignore line: [COLLECT_LTO_WRAPPER=/home/maute/tpls/gcc-6.2.0/libexec/gcc/x86_64-pc-linux-gnu/6.2.0/lto-wrapper]
  ignore line: [Target: x86_64-pc-linux-gnu]
  ignore line: [Configured with: ../gcc-6.2.0/configure --prefix=/home/maute/tpls/gcc-6.2.0 --enable-threads=posix --enable-languages=c,c++,fortran --with-gmp=/home/maute/tpls/gmp --with-mpfr=/home/maute/tpls/mpfr --with-mpc=/home/maute/tpls/mpc --disable-multilib]
  ignore line: [Thread model: posix]
  ignore line: [gcc version 6.2.0 (GCC) ]
  ignore line: [COMPILER_PATH=/home/maute/tpls/gcc-6.2.0/libexec/gcc/x86_64-pc-linux-gnu/6.2.0/:/home/maute/tpls/gcc-6.2.0/libexec/gcc/x86_64-pc-linux-gnu/6.2.0/:/home/maute/tpls/gcc-6.2.0/libexec/gcc/x86_64-pc-linux-gnu/:/home/maute/tpls/gcc-6.2.0/lib/gcc/x86_64-pc-linux-gnu/6.2.0/:/home/maute/tpls/gcc-6.2.0/lib/gcc/x86_64-pc-linux-gnu/]
  ignore line: [LIBRARY_PATH=/home/maute/tpls/gcc-6.2.0/lib/gcc/x86_64-pc-linux-gnu/6.2.0/:/home/maute/tpls/gcc-6.2.0/lib/gcc/x86_64-pc-linux-gnu/6.2.0/../../../../lib64/:/lib/../lib64/:/usr/lib/../lib64/:/home/maute/tpls/gcc-6.2.0/lib/gcc/x86_64-pc-linux-gnu/6.2.0/../../../:/lib/:/usr/lib/]
  ignore line: [COLLECT_GCC_OPTIONS='-v' '-rdynamic' '-o' 'cmTC_9759c' '-mtune=generic' '-march=x86-64']
  link line: [ /home/maute/tpls/gcc-6.2.0/libexec/gcc/x86_64-pc-linux-gnu/6.2.0/collect2 -plugin /home/maute/tpls/gcc-6.2.0/libexec/gcc/x86_64-pc-linux-gnu/6.2.0/liblto_plugin.so -plugin-opt=/home/maute/tpls/gcc-6.2.0/libexec/gcc/x86_64-pc-linux-gnu/6.2.0/lto-wrapper -plugin-opt=-fresolution=/tmp/ccBfLbWm.res -plugin-opt=-pass-through=-lgcc -plugin-opt=-pass-through=-lgcc_s -plugin-opt=-pass-through=-lc -plugin-opt=-pass-through=-lgcc -plugin-opt=-pass-through=-lgcc_s --eh-frame-hdr -m elf_x86_64 -export-dynamic -dynamic-linker /lib64/ld-linux-x86-64.so.2 -o cmTC_9759c /usr/lib/../lib64/crt1.o /usr/lib/../lib64/crti.o /home/maute/tpls/gcc-6.2.0/lib/gcc/x86_64-pc-linux-gnu/6.2.0/crtbegin.o -L/home/maute/tpls/gcc-6.2.0/lib/gcc/x86_64-pc-linux-gnu/6.2.0 -L/home/maute/tpls/gcc-6.2.0/lib/gcc/x86_64-pc-linux-gnu/6.2.0/../../../../lib64 -L/lib/../lib64 -L/usr/lib/../lib64 -L/home/maute/tpls/gcc-6.2.0/lib/gcc/x86_64-pc-linux-gnu/6.2.0/../../.. CMakeFiles/cmTC_9759c.dir/CMakeCCompilerABI.c.o -lgcc --as-needed -lgcc_s --no-as-needed -lc -lgcc --as-needed -lgcc_s --no-as-needed /home/maute/tpls/gcc-6.2.0/lib/gcc/x86_64-pc-linux-gnu/6.2.0/crtend.o /usr/lib/../lib64/crtn.o]
    arg [/home/maute/tpls/gcc-6.2.0/libexec/gcc/x86_64-pc-linux-gnu/6.2.0/collect2] ==> ignore
    arg [-plugin] ==> ignore
    arg [/home/maute/tpls/gcc-6.2.0/libexec/gcc/x86_64-pc-linux-gnu/6.2.0/liblto_plugin.so] ==> ignore
    arg [-plugin-opt=/home/maute/tpls/gcc-6.2.0/libexec/gcc/x86_64-pc-linux-gnu/6.2.0/lto-wrapper] ==> ignore
    arg [-plugin-opt=-fresolution=/tmp/ccBfLbWm.res] ==> ignore
    arg [-plugin-opt=-pass-through=-lgcc] ==> ignore
    arg [-plugin-opt=-pass-through=-lgcc_s] ==> ignore
    arg [-plugin-opt=-pass-through=-lc] ==> ignore
    arg [-plugin-opt=-pass-through=-lgcc] ==> ignore
    arg [-plugin-opt=-pass-through=-lgcc_s] ==> ignore
    arg [--eh-frame-hdr] ==> ignore
    arg [-m] ==> ignore
    arg [elf_x86_64] ==> ignore
    arg [-export-dynamic] ==> ignore
    arg [-dynamic-linker] ==> ignore
    arg [/lib64/ld-linux-x86-64.so.2] ==> ignore
    arg [-o] ==> ignore
    arg [cmTC_9759c] ==> ignore
    arg [/usr/lib/../lib64/crt1.o] ==> ignore
    arg [/usr/lib/../lib64/crti.o] ==> ignore
    arg [/home/maute/tpls/gcc-6.2.0/lib/gcc/x86_64-pc-linux-gnu/6.2.0/crtbegin.o] ==> ignore
    arg [-L/home/maute/tpls/gcc-6.2.0/lib/gcc/x86_64-pc-linux-gnu/6.2.0] ==> dir [/home/maute/tpls/gcc-6.2.0/lib/gcc/x86_64-pc-linux-gnu/6.2.0]
    arg [-L/home/maute/tpls/gcc-6.2.0/lib/gcc/x86_64-pc-linux-gnu/6.2.0/../../../../lib64] ==> dir [/home/maute/tpls/gcc-6.2.0/lib/gcc/x86_64-pc-linux-gnu/6.2.0/../../../../lib64]
    arg [-L/lib/../lib64] ==> dir [/lib/../lib64]
    arg [-L/usr/lib/../lib64] ==> dir [/usr/lib/../lib64]
    arg [-L/home/maute/tpls/gcc-6.2.0/lib/gcc/x86_64-pc-linux-gnu/6.2.0/../../..] ==> dir [/home/maute/tpls/gcc-6.2.0/lib/gcc/x86_64-pc-linux-gnu/6.2.0/../../..]
    arg [CMakeFiles/cmTC_9759c.dir/CMakeCCompilerABI.c.o] ==> ignore
    arg [-lgcc] ==> lib [gcc]
    arg [--as-needed] ==> ignore
    arg [-lgcc_s] ==> lib [gcc_s]
    arg [--no-as-needed] ==> ignore
    arg [-lc] ==> lib [c]
    arg [-lgcc] ==> lib [gcc]
    arg [--as-needed] ==> ignore
    arg [-lgcc_s] ==> lib [gcc_s]
    arg [--no-as-needed] ==> ignore
    arg [/home/maute/tpls/gcc-6.2.0/lib/gcc/x86_64-pc-linux-gnu/6.2.0/crtend.o] ==> ignore
    arg [/usr/lib/../lib64/crtn.o] ==> ignore
  remove lib [gcc]
  remove lib [gcc_s]
  remove lib [gcc]
  remove lib [gcc_s]
  collapse library dir [/home/maute/tpls/gcc-6.2.0/lib/gcc/x86_64-pc-linux-gnu/6.2.0] ==> [/home/maute/tpls/gcc-6.2.0/lib/gcc/x86_64-pc-linux-gnu/6.2.0]
  collapse library dir [/home/maute/tpls/gcc-6.2.0/lib/gcc/x86_64-pc-linux-gnu/6.2.0/../../../../lib64] ==> [/home/maute/tpls/gcc-6.2.0/lib64]
  collapse library dir [/lib/../lib64] ==> [/lib64]
  collapse library dir [/usr/lib/../lib64] ==> [/usr/lib64]
  collapse library dir [/home/maute/tpls/gcc-6.2.0/lib/gcc/x86_64-pc-linux-gnu/6.2.0/../../..] ==> [/home/maute/tpls/gcc-6.2.0/lib]
  implicit libs: [c]
  implicit dirs: [/home/maute/tpls/gcc-6.2.0/lib/gcc/x86_64-pc-linux-gnu/6.2.0;/home/maute/tpls/gcc-6.2.0/lib64;/lib64;/usr/lib64;/home/maute/tpls/gcc-6.2.0/lib]
  implicit fwks: []




Detecting C [-std=c11] compiler features compiled with the following output:
Change Dir: /home/sonne/codes/moris/projects/LINALG/CMakeFiles/CMakeTmp

Run Build Command:"/usr/bin/gmake" "cmTC_0ef4f/fast"
/usr/bin/gmake -f CMakeFiles/cmTC_0ef4f.dir/build.make CMakeFiles/cmTC_0ef4f.dir/build
gmake[1]: Entering directory '/home/sonne/codes/moris/projects/LINALG/CMakeFiles/CMakeTmp'
Building C object CMakeFiles/cmTC_0ef4f.dir/feature_tests.c.o
/home/sonne/tpls/gcc/bin/gcc   -std=c11 -o CMakeFiles/cmTC_0ef4f.dir/feature_tests.c.o   -c /home/sonne/codes/moris/projects/LINALG/CMakeFiles/feature_tests.c
Linking C executable cmTC_0ef4f
/home/maute/tpls/cmake-3.8.0-rc2/bin/cmake -E cmake_link_script CMakeFiles/cmTC_0ef4f.dir/link.txt --verbose=1
/home/sonne/tpls/gcc/bin/gcc      -rdynamic CMakeFiles/cmTC_0ef4f.dir/feature_tests.c.o  -o cmTC_0ef4f 
gmake[1]: Leaving directory '/home/sonne/codes/moris/projects/LINALG/CMakeFiles/CMakeTmp'


    Feature record: C_FEATURE:1c_function_prototypes
    Feature record: C_FEATURE:1c_restrict
    Feature record: C_FEATURE:1c_static_assert
    Feature record: C_FEATURE:1c_variadic_macros


Detecting C [-std=c99] compiler features compiled with the following output:
Change Dir: /home/sonne/codes/moris/projects/LINALG/CMakeFiles/CMakeTmp

Run Build Command:"/usr/bin/gmake" "cmTC_b1b0c/fast"
/usr/bin/gmake -f CMakeFiles/cmTC_b1b0c.dir/build.make CMakeFiles/cmTC_b1b0c.dir/build
gmake[1]: Entering directory '/home/sonne/codes/moris/projects/LINALG/CMakeFiles/CMakeTmp'
Building C object CMakeFiles/cmTC_b1b0c.dir/feature_tests.c.o
/home/sonne/tpls/gcc/bin/gcc   -std=c99 -o CMakeFiles/cmTC_b1b0c.dir/feature_tests.c.o   -c /home/sonne/codes/moris/projects/LINALG/CMakeFiles/feature_tests.c
Linking C executable cmTC_b1b0c
/home/maute/tpls/cmake-3.8.0-rc2/bin/cmake -E cmake_link_script CMakeFiles/cmTC_b1b0c.dir/link.txt --verbose=1
/home/sonne/tpls/gcc/bin/gcc      -rdynamic CMakeFiles/cmTC_b1b0c.dir/feature_tests.c.o  -o cmTC_b1b0c 
gmake[1]: Leaving directory '/home/sonne/codes/moris/projects/LINALG/CMakeFiles/CMakeTmp'


    Feature record: C_FEATURE:1c_function_prototypes
    Feature record: C_FEATURE:1c_restrict
    Feature record: C_FEATURE:0c_static_assert
    Feature record: C_FEATURE:1c_variadic_macros


Detecting C [-std=c90] compiler features compiled with the following output:
Change Dir: /home/sonne/codes/moris/projects/LINALG/CMakeFiles/CMakeTmp

Run Build Command:"/usr/bin/gmake" "cmTC_56313/fast"
/usr/bin/gmake -f CMakeFiles/cmTC_56313.dir/build.make CMakeFiles/cmTC_56313.dir/build
gmake[1]: Entering directory '/home/sonne/codes/moris/projects/LINALG/CMakeFiles/CMakeTmp'
Building C object CMakeFiles/cmTC_56313.dir/feature_tests.c.o
/home/sonne/tpls/gcc/bin/gcc   -std=c90 -o CMakeFiles/cmTC_56313.dir/feature_tests.c.o   -c /home/sonne/codes/moris/projects/LINALG/CMakeFiles/feature_tests.c
Linking C executable cmTC_56313
/home/maute/tpls/cmake-3.8.0-rc2/bin/cmake -E cmake_link_script CMakeFiles/cmTC_56313.dir/link.txt --verbose=1
/home/sonne/tpls/gcc/bin/gcc      -rdynamic CMakeFiles/cmTC_56313.dir/feature_tests.c.o  -o cmTC_56313 
gmake[1]: Leaving directory '/home/sonne/codes/moris/projects/LINALG/CMakeFiles/CMakeTmp'


    Feature record: C_FEATURE:1c_function_prototypes
    Feature record: C_FEATURE:0c_restrict
    Feature record: C_FEATURE:0c_static_assert
    Feature record: C_FEATURE:0c_variadic_macros
Determining if the CXX compiler works passed with the following output:
Change Dir: /home/sonne/codes/moris/projects/LINALG/CMakeFiles/CMakeTmp

Run Build Command:"/usr/bin/gmake" "cmTC_ec9c9/fast"
/usr/bin/gmake -f CMakeFiles/cmTC_ec9c9.dir/build.make CMakeFiles/cmTC_ec9c9.dir/build
gmake[1]: Entering directory '/home/sonne/codes/moris/projects/LINALG/CMakeFiles/CMakeTmp'
Building CXX object CMakeFiles/cmTC_ec9c9.dir/testCXXCompiler.cxx.o
/home/sonne/tpls/gcc/bin/g++     -o CMakeFiles/cmTC_ec9c9.dir/testCXXCompiler.cxx.o -c /home/sonne/codes/moris/projects/LINALG/CMakeFiles/CMakeTmp/testCXXCompiler.cxx
Linking CXX executable cmTC_ec9c9
/home/maute/tpls/cmake-3.8.0-rc2/bin/cmake -E cmake_link_script CMakeFiles/cmTC_ec9c9.dir/link.txt --verbose=1
/home/sonne/tpls/gcc/bin/g++       -rdynamic CMakeFiles/cmTC_ec9c9.dir/testCXXCompiler.cxx.o  -o cmTC_ec9c9 
gmake[1]: Leaving directory '/home/sonne/codes/moris/projects/LINALG/CMakeFiles/CMakeTmp'


Detecting CXX compiler ABI info compiled with the following output:
Change Dir: /home/sonne/codes/moris/projects/LINALG/CMakeFiles/CMakeTmp

Run Build Command:"/usr/bin/gmake" "cmTC_9743a/fast"
/usr/bin/gmake -f CMakeFiles/cmTC_9743a.dir/build.make CMakeFiles/cmTC_9743a.dir/build
gmake[1]: Entering directory '/home/sonne/codes/moris/projects/LINALG/CMakeFiles/CMakeTmp'
Building CXX object CMakeFiles/cmTC_9743a.dir/CMakeCXXCompilerABI.cpp.o
/home/sonne/tpls/gcc/bin/g++     -o CMakeFiles/cmTC_9743a.dir/CMakeCXXCompilerABI.cpp.o -c /home/maute/tpls/cmake-3.8.0-rc2/share/cmake-3.8/Modules/CMakeCXXCompilerABI.cpp
Linking CXX executable cmTC_9743a
/home/maute/tpls/cmake-3.8.0-rc2/bin/cmake -E cmake_link_script CMakeFiles/cmTC_9743a.dir/link.txt --verbose=1
/home/sonne/tpls/gcc/bin/g++      -v -rdynamic CMakeFiles/cmTC_9743a.dir/CMakeCXXCompilerABI.cpp.o  -o cmTC_9743a 
Using built-in specs.
COLLECT_GCC=/home/sonne/tpls/gcc/bin/g++
COLLECT_LTO_WRAPPER=/home/maute/tpls/gcc-6.2.0/libexec/gcc/x86_64-pc-linux-gnu/6.2.0/lto-wrapper
Target: x86_64-pc-linux-gnu
Configured with: ../gcc-6.2.0/configure --prefix=/home/maute/tpls/gcc-6.2.0 --enable-threads=posix --enable-languages=c,c++,fortran --with-gmp=/home/maute/tpls/gmp --with-mpfr=/home/maute/tpls/mpfr --with-mpc=/home/maute/tpls/mpc --disable-multilib
Thread model: posix
gcc version 6.2.0 (GCC) 
COMPILER_PATH=/home/maute/tpls/gcc-6.2.0/libexec/gcc/x86_64-pc-linux-gnu/6.2.0/:/home/maute/tpls/gcc-6.2.0/libexec/gcc/x86_64-pc-linux-gnu/6.2.0/:/home/maute/tpls/gcc-6.2.0/libexec/gcc/x86_64-pc-linux-gnu/:/home/maute/tpls/gcc-6.2.0/lib/gcc/x86_64-pc-linux-gnu/6.2.0/:/home/maute/tpls/gcc-6.2.0/lib/gcc/x86_64-pc-linux-gnu/
LIBRARY_PATH=/home/maute/tpls/gcc-6.2.0/lib/gcc/x86_64-pc-linux-gnu/6.2.0/:/home/maute/tpls/gcc-6.2.0/lib/gcc/x86_64-pc-linux-gnu/6.2.0/../../../../lib64/:/lib/../lib64/:/usr/lib/../lib64/:/home/maute/tpls/gcc-6.2.0/lib/gcc/x86_64-pc-linux-gnu/6.2.0/../../../:/lib/:/usr/lib/
COLLECT_GCC_OPTIONS='-v' '-rdynamic' '-o' 'cmTC_9743a' '-shared-libgcc' '-mtune=generic' '-march=x86-64'
 /home/maute/tpls/gcc-6.2.0/libexec/gcc/x86_64-pc-linux-gnu/6.2.0/collect2 -plugin /home/maute/tpls/gcc-6.2.0/libexec/gcc/x86_64-pc-linux-gnu/6.2.0/liblto_plugin.so -plugin-opt=/home/maute/tpls/gcc-6.2.0/libexec/gcc/x86_64-pc-linux-gnu/6.2.0/lto-wrapper -plugin-opt=-fresolution=/tmp/cc4L09I0.res -plugin-opt=-pass-through=-lgcc_s -plugin-opt=-pass-through=-lgcc -plugin-opt=-pass-through=-lc -plugin-opt=-pass-through=-lgcc_s -plugin-opt=-pass-through=-lgcc --eh-frame-hdr -m elf_x86_64 -export-dynamic -dynamic-linker /lib64/ld-linux-x86-64.so.2 -o cmTC_9743a /usr/lib/../lib64/crt1.o /usr/lib/../lib64/crti.o /home/maute/tpls/gcc-6.2.0/lib/gcc/x86_64-pc-linux-gnu/6.2.0/crtbegin.o -L/home/maute/tpls/gcc-6.2.0/lib/gcc/x86_64-pc-linux-gnu/6.2.0 -L/home/maute/tpls/gcc-6.2.0/lib/gcc/x86_64-pc-linux-gnu/6.2.0/../../../../lib64 -L/lib/../lib64 -L/usr/lib/../lib64 -L/home/maute/tpls/gcc-6.2.0/lib/gcc/x86_64-pc-linux-gnu/6.2.0/../../.. CMakeFiles/cmTC_9743a.dir/CMakeCXXCompilerABI.cpp.o -lstdc++ -lm -lgcc_s -lgcc -lc -lgcc_s -lgcc /home/maute/tpls/gcc-6.2.0/lib/gcc/x86_64-pc-linux-gnu/6.2.0/crtend.o /usr/lib/../lib64/crtn.o
COLLECT_GCC_OPTIONS='-v' '-rdynamic' '-o' 'cmTC_9743a' '-shared-libgcc' '-mtune=generic' '-march=x86-64'
gmake[1]: Leaving directory '/home/sonne/codes/moris/projects/LINALG/CMakeFiles/CMakeTmp'


Parsed CXX implicit link information from above output:
  link line regex: [^( *|.*[/\])(ld|([^/\]+-)?ld|collect2)[^/\]*( |$)]
  ignore line: [Change Dir: /home/sonne/codes/moris/projects/LINALG/CMakeFiles/CMakeTmp]
  ignore line: []
  ignore line: [Run Build Command:"/usr/bin/gmake" "cmTC_9743a/fast"]
  ignore line: [/usr/bin/gmake -f CMakeFiles/cmTC_9743a.dir/build.make CMakeFiles/cmTC_9743a.dir/build]
  ignore line: [gmake[1]: Entering directory '/home/sonne/codes/moris/projects/LINALG/CMakeFiles/CMakeTmp']
  ignore line: [Building CXX object CMakeFiles/cmTC_9743a.dir/CMakeCXXCompilerABI.cpp.o]
  ignore line: [/home/sonne/tpls/gcc/bin/g++     -o CMakeFiles/cmTC_9743a.dir/CMakeCXXCompilerABI.cpp.o -c /home/maute/tpls/cmake-3.8.0-rc2/share/cmake-3.8/Modules/CMakeCXXCompilerABI.cpp]
  ignore line: [Linking CXX executable cmTC_9743a]
  ignore line: [/home/maute/tpls/cmake-3.8.0-rc2/bin/cmake -E cmake_link_script CMakeFiles/cmTC_9743a.dir/link.txt --verbose=1]
  ignore line: [/home/sonne/tpls/gcc/bin/g++      -v -rdynamic CMakeFiles/cmTC_9743a.dir/CMakeCXXCompilerABI.cpp.o  -o cmTC_9743a ]
  ignore line: [Using built-in specs.]
  ignore line: [COLLECT_GCC=/home/sonne/tpls/gcc/bin/g++]
  ignore line: [COLLECT_LTO_WRAPPER=/home/maute/tpls/gcc-6.2.0/libexec/gcc/x86_64-pc-linux-gnu/6.2.0/lto-wrapper]
  ignore line: [Target: x86_64-pc-linux-gnu]
  ignore line: [Configured with: ../gcc-6.2.0/configure --prefix=/home/maute/tpls/gcc-6.2.0 --enable-threads=posix --enable-languages=c,c++,fortran --with-gmp=/home/maute/tpls/gmp --with-mpfr=/home/maute/tpls/mpfr --with-mpc=/home/maute/tpls/mpc --disable-multilib]
  ignore line: [Thread model: posix]
  ignore line: [gcc version 6.2.0 (GCC) ]
  ignore line: [COMPILER_PATH=/home/maute/tpls/gcc-6.2.0/libexec/gcc/x86_64-pc-linux-gnu/6.2.0/:/home/maute/tpls/gcc-6.2.0/libexec/gcc/x86_64-pc-linux-gnu/6.2.0/:/home/maute/tpls/gcc-6.2.0/libexec/gcc/x86_64-pc-linux-gnu/:/home/maute/tpls/gcc-6.2.0/lib/gcc/x86_64-pc-linux-gnu/6.2.0/:/home/maute/tpls/gcc-6.2.0/lib/gcc/x86_64-pc-linux-gnu/]
  ignore line: [LIBRARY_PATH=/home/maute/tpls/gcc-6.2.0/lib/gcc/x86_64-pc-linux-gnu/6.2.0/:/home/maute/tpls/gcc-6.2.0/lib/gcc/x86_64-pc-linux-gnu/6.2.0/../../../../lib64/:/lib/../lib64/:/usr/lib/../lib64/:/home/maute/tpls/gcc-6.2.0/lib/gcc/x86_64-pc-linux-gnu/6.2.0/../../../:/lib/:/usr/lib/]
  ignore line: [COLLECT_GCC_OPTIONS='-v' '-rdynamic' '-o' 'cmTC_9743a' '-shared-libgcc' '-mtune=generic' '-march=x86-64']
  link line: [ /home/maute/tpls/gcc-6.2.0/libexec/gcc/x86_64-pc-linux-gnu/6.2.0/collect2 -plugin /home/maute/tpls/gcc-6.2.0/libexec/gcc/x86_64-pc-linux-gnu/6.2.0/liblto_plugin.so -plugin-opt=/home/maute/tpls/gcc-6.2.0/libexec/gcc/x86_64-pc-linux-gnu/6.2.0/lto-wrapper -plugin-opt=-fresolution=/tmp/cc4L09I0.res -plugin-opt=-pass-through=-lgcc_s -plugin-opt=-pass-through=-lgcc -plugin-opt=-pass-through=-lc -plugin-opt=-pass-through=-lgcc_s -plugin-opt=-pass-through=-lgcc --eh-frame-hdr -m elf_x86_64 -export-dynamic -dynamic-linker /lib64/ld-linux-x86-64.so.2 -o cmTC_9743a /usr/lib/../lib64/crt1.o /usr/lib/../lib64/crti.o /home/maute/tpls/gcc-6.2.0/lib/gcc/x86_64-pc-linux-gnu/6.2.0/crtbegin.o -L/home/maute/tpls/gcc-6.2.0/lib/gcc/x86_64-pc-linux-gnu/6.2.0 -L/home/maute/tpls/gcc-6.2.0/lib/gcc/x86_64-pc-linux-gnu/6.2.0/../../../../lib64 -L/lib/../lib64 -L/usr/lib/../lib64 -L/home/maute/tpls/gcc-6.2.0/lib/gcc/x86_64-pc-linux-gnu/6.2.0/../../.. CMakeFiles/cmTC_9743a.dir/CMakeCXXCompilerABI.cpp.o -lstdc++ -lm -lgcc_s -lgcc -lc -lgcc_s -lgcc /home/maute/tpls/gcc-6.2.0/lib/gcc/x86_64-pc-linux-gnu/6.2.0/crtend.o /usr/lib/../lib64/crtn.o]
    arg [/home/maute/tpls/gcc-6.2.0/libexec/gcc/x86_64-pc-linux-gnu/6.2.0/collect2] ==> ignore
    arg [-plugin] ==> ignore
    arg [/home/maute/tpls/gcc-6.2.0/libexec/gcc/x86_64-pc-linux-gnu/6.2.0/liblto_plugin.so] ==> ignore
    arg [-plugin-opt=/home/maute/tpls/gcc-6.2.0/libexec/gcc/x86_64-pc-linux-gnu/6.2.0/lto-wrapper] ==> ignore
    arg [-plugin-opt=-fresolution=/tmp/cc4L09I0.res] ==> ignore
    arg [-plugin-opt=-pass-through=-lgcc_s] ==> ignore
    arg [-plugin-opt=-pass-through=-lgcc] ==> ignore
    arg [-plugin-opt=-pass-through=-lc] ==> ignore
    arg [-plugin-opt=-pass-through=-lgcc_s] ==> ignore
    arg [-plugin-opt=-pass-through=-lgcc] ==> ignore
    arg [--eh-frame-hdr] ==> ignore
    arg [-m] ==> ignore
    arg [elf_x86_64] ==> ignore
    arg [-export-dynamic] ==> ignore
    arg [-dynamic-linker] ==> ignore
    arg [/lib64/ld-linux-x86-64.so.2] ==> ignore
    arg [-o] ==> ignore
    arg [cmTC_9743a] ==> ignore
    arg [/usr/lib/../lib64/crt1.o] ==> ignore
    arg [/usr/lib/../lib64/crti.o] ==> ignore
    arg [/home/maute/tpls/gcc-6.2.0/lib/gcc/x86_64-pc-linux-gnu/6.2.0/crtbegin.o] ==> ignore
    arg [-L/home/maute/tpls/gcc-6.2.0/lib/gcc/x86_64-pc-linux-gnu/6.2.0] ==> dir [/home/maute/tpls/gcc-6.2.0/lib/gcc/x86_64-pc-linux-gnu/6.2.0]
    arg [-L/home/maute/tpls/gcc-6.2.0/lib/gcc/x86_64-pc-linux-gnu/6.2.0/../../../../lib64] ==> dir [/home/maute/tpls/gcc-6.2.0/lib/gcc/x86_64-pc-linux-gnu/6.2.0/../../../../lib64]
    arg [-L/lib/../lib64] ==> dir [/lib/../lib64]
    arg [-L/usr/lib/../lib64] ==> dir [/usr/lib/../lib64]
    arg [-L/home/maute/tpls/gcc-6.2.0/lib/gcc/x86_64-pc-linux-gnu/6.2.0/../../..] ==> dir [/home/maute/tpls/gcc-6.2.0/lib/gcc/x86_64-pc-linux-gnu/6.2.0/../../..]
    arg [CMakeFiles/cmTC_9743a.dir/CMakeCXXCompilerABI.cpp.o] ==> ignore
    arg [-lstdc++] ==> lib [stdc++]
    arg [-lm] ==> lib [m]
    arg [-lgcc_s] ==> lib [gcc_s]
    arg [-lgcc] ==> lib [gcc]
    arg [-lc] ==> lib [c]
    arg [-lgcc_s] ==> lib [gcc_s]
    arg [-lgcc] ==> lib [gcc]
    arg [/home/maute/tpls/gcc-6.2.0/lib/gcc/x86_64-pc-linux-gnu/6.2.0/crtend.o] ==> ignore
    arg [/usr/lib/../lib64/crtn.o] ==> ignore
  remove lib [gcc_s]
  remove lib [gcc]
  remove lib [gcc_s]
  remove lib [gcc]
  collapse library dir [/home/maute/tpls/gcc-6.2.0/lib/gcc/x86_64-pc-linux-gnu/6.2.0] ==> [/home/maute/tpls/gcc-6.2.0/lib/gcc/x86_64-pc-linux-gnu/6.2.0]
  collapse library dir [/home/maute/tpls/gcc-6.2.0/lib/gcc/x86_64-pc-linux-gnu/6.2.0/../../../../lib64] ==> [/home/maute/tpls/gcc-6.2.0/lib64]
  collapse library dir [/lib/../lib64] ==> [/lib64]
  collapse library dir [/usr/lib/../lib64] ==> [/usr/lib64]
  collapse library dir [/home/maute/tpls/gcc-6.2.0/lib/gcc/x86_64-pc-linux-gnu/6.2.0/../../..] ==> [/home/maute/tpls/gcc-6.2.0/lib]
  implicit libs: [stdc++;m;c]
  implicit dirs: [/home/maute/tpls/gcc-6.2.0/lib/gcc/x86_64-pc-linux-gnu/6.2.0;/home/maute/tpls/gcc-6.2.0/lib64;/lib64;/usr/lib64;/home/maute/tpls/gcc-6.2.0/lib]
  implicit fwks: []




Detecting CXX [-std=c++1z] compiler features compiled with the following output:
Change Dir: /home/sonne/codes/moris/projects/LINALG/CMakeFiles/CMakeTmp

Run Build Command:"/usr/bin/gmake" "cmTC_c8e6e/fast"
/usr/bin/gmake -f CMakeFiles/cmTC_c8e6e.dir/build.make CMakeFiles/cmTC_c8e6e.dir/build
gmake[1]: Entering directory '/home/sonne/codes/moris/projects/LINALG/CMakeFiles/CMakeTmp'
Building CXX object CMakeFiles/cmTC_c8e6e.dir/feature_tests.cxx.o
/home/sonne/tpls/gcc/bin/g++    -std=c++1z -o CMakeFiles/cmTC_c8e6e.dir/feature_tests.cxx.o -c /home/sonne/codes/moris/projects/LINALG/CMakeFiles/feature_tests.cxx
Linking CXX executable cmTC_c8e6e
/home/maute/tpls/cmake-3.8.0-rc2/bin/cmake -E cmake_link_script CMakeFiles/cmTC_c8e6e.dir/link.txt --verbose=1
/home/sonne/tpls/gcc/bin/g++       -rdynamic CMakeFiles/cmTC_c8e6e.dir/feature_tests.cxx.o  -o cmTC_c8e6e 
gmake[1]: Leaving directory '/home/sonne/codes/moris/projects/LINALG/CMakeFiles/CMakeTmp'


    Feature record: CXX_FEATURE:1cxx_aggregate_default_initializers
    Feature record: CXX_FEATURE:1cxx_alias_templates
    Feature record: CXX_FEATURE:1cxx_alignas
    Feature record: CXX_FEATURE:1cxx_alignof
    Feature record: CXX_FEATURE:1cxx_attributes
    Feature record: CXX_FEATURE:1cxx_attribute_deprecated
    Feature record: CXX_FEATURE:1cxx_auto_type
    Feature record: CXX_FEATURE:1cxx_binary_literals
    Feature record: CXX_FEATURE:1cxx_constexpr
    Feature record: CXX_FEATURE:1cxx_contextual_conversions
    Feature record: CXX_FEATURE:1cxx_decltype
    Feature record: CXX_FEATURE:1cxx_decltype_auto
    Feature record: CXX_FEATURE:1cxx_decltype_incomplete_return_types
    Feature record: CXX_FEATURE:1cxx_default_function_template_args
    Feature record: CXX_FEATURE:1cxx_defaulted_functions
    Feature record: CXX_FEATURE:1cxx_defaulted_move_initializers
    Feature record: CXX_FEATURE:1cxx_delegating_constructors
    Feature record: CXX_FEATURE:1cxx_deleted_functions
    Feature record: CXX_FEATURE:1cxx_digit_separators
    Feature record: CXX_FEATURE:1cxx_enum_forward_declarations
    Feature record: CXX_FEATURE:1cxx_explicit_conversions
    Feature record: CXX_FEATURE:1cxx_extended_friend_declarations
    Feature record: CXX_FEATURE:1cxx_extern_templates
    Feature record: CXX_FEATURE:1cxx_final
    Feature record: CXX_FEATURE:1cxx_func_identifier
    Feature record: CXX_FEATURE:1cxx_generalized_initializers
    Feature record: CXX_FEATURE:1cxx_generic_lambdas
    Feature record: CXX_FEATURE:1cxx_inheriting_constructors
    Feature record: CXX_FEATURE:1cxx_inline_namespaces
    Feature record: CXX_FEATURE:1cxx_lambdas
    Feature record: CXX_FEATURE:1cxx_lambda_init_captures
    Feature record: CXX_FEATURE:1cxx_local_type_template_args
    Feature record: CXX_FEATURE:1cxx_long_long_type
    Feature record: CXX_FEATURE:1cxx_noexcept
    Feature record: CXX_FEATURE:1cxx_nonstatic_member_init
    Feature record: CXX_FEATURE:1cxx_nullptr
    Feature record: CXX_FEATURE:1cxx_override
    Feature record: CXX_FEATURE:1cxx_range_for
    Feature record: CXX_FEATURE:1cxx_raw_string_literals
    Feature record: CXX_FEATURE:1cxx_reference_qualified_functions
    Feature record: CXX_FEATURE:1cxx_relaxed_constexpr
    Feature record: CXX_FEATURE:1cxx_return_type_deduction
    Feature record: CXX_FEATURE:1cxx_right_angle_brackets
    Feature record: CXX_FEATURE:1cxx_rvalue_references
    Feature record: CXX_FEATURE:1cxx_sizeof_member
    Feature record: CXX_FEATURE:1cxx_static_assert
    Feature record: CXX_FEATURE:1cxx_strong_enums
    Feature record: CXX_FEATURE:1cxx_template_template_parameters
    Feature record: CXX_FEATURE:1cxx_thread_local
    Feature record: CXX_FEATURE:1cxx_trailing_return_types
    Feature record: CXX_FEATURE:1cxx_unicode_literals
    Feature record: CXX_FEATURE:1cxx_uniform_initialization
    Feature record: CXX_FEATURE:1cxx_unrestricted_unions
    Feature record: CXX_FEATURE:1cxx_user_literals
    Feature record: CXX_FEATURE:1cxx_variable_templates
    Feature record: CXX_FEATURE:1cxx_variadic_macros
    Feature record: CXX_FEATURE:1cxx_variadic_templates


Detecting CXX [-std=c++14] compiler features compiled with the following output:
Change Dir: /home/sonne/codes/moris/projects/LINALG/CMakeFiles/CMakeTmp

Run Build Command:"/usr/bin/gmake" "cmTC_fb7f5/fast"
/usr/bin/gmake -f CMakeFiles/cmTC_fb7f5.dir/build.make CMakeFiles/cmTC_fb7f5.dir/build
gmake[1]: Entering directory '/home/sonne/codes/moris/projects/LINALG/CMakeFiles/CMakeTmp'
Building CXX object CMakeFiles/cmTC_fb7f5.dir/feature_tests.cxx.o
/home/sonne/tpls/gcc/bin/g++    -std=c++14 -o CMakeFiles/cmTC_fb7f5.dir/feature_tests.cxx.o -c /home/sonne/codes/moris/projects/LINALG/CMakeFiles/feature_tests.cxx
Linking CXX executable cmTC_fb7f5
/home/maute/tpls/cmake-3.8.0-rc2/bin/cmake -E cmake_link_script CMakeFiles/cmTC_fb7f5.dir/link.txt --verbose=1
/home/sonne/tpls/gcc/bin/g++       -rdynamic CMakeFiles/cmTC_fb7f5.dir/feature_tests.cxx.o  -o cmTC_fb7f5 
gmake[1]: Leaving directory '/home/sonne/codes/moris/projects/LINALG/CMakeFiles/CMakeTmp'


    Feature record: CXX_FEATURE:1cxx_aggregate_default_initializers
    Feature record: CXX_FEATURE:1cxx_alias_templates
    Feature record: CXX_FEATURE:1cxx_alignas
    Feature record: CXX_FEATURE:1cxx_alignof
    Feature record: CXX_FEATURE:1cxx_attributes
    Feature record: CXX_FEATURE:1cxx_attribute_deprecated
    Feature record: CXX_FEATURE:1cxx_auto_type
    Feature record: CXX_FEATURE:1cxx_binary_literals
    Feature record: CXX_FEATURE:1cxx_constexpr
    Feature record: CXX_FEATURE:1cxx_contextual_conversions
    Feature record: CXX_FEATURE:1cxx_decltype
    Feature record: CXX_FEATURE:1cxx_decltype_auto
    Feature record: CXX_FEATURE:1cxx_decltype_incomplete_return_types
    Feature record: CXX_FEATURE:1cxx_default_function_template_args
    Feature record: CXX_FEATURE:1cxx_defaulted_functions
    Feature record: CXX_FEATURE:1cxx_defaulted_move_initializers
    Feature record: CXX_FEATURE:1cxx_delegating_constructors
    Feature record: CXX_FEATURE:1cxx_deleted_functions
    Feature record: CXX_FEATURE:1cxx_digit_separators
    Feature record: CXX_FEATURE:1cxx_enum_forward_declarations
    Feature record: CXX_FEATURE:1cxx_explicit_conversions
    Feature record: CXX_FEATURE:1cxx_extended_friend_declarations
    Feature record: CXX_FEATURE:1cxx_extern_templates
    Feature record: CXX_FEATURE:1cxx_final
    Feature record: CXX_FEATURE:1cxx_func_identifier
    Feature record: CXX_FEATURE:1cxx_generalized_initializers
    Feature record: CXX_FEATURE:1cxx_generic_lambdas
    Feature record: CXX_FEATURE:1cxx_inheriting_constructors
    Feature record: CXX_FEATURE:1cxx_inline_namespaces
    Feature record: CXX_FEATURE:1cxx_lambdas
    Feature record: CXX_FEATURE:1cxx_lambda_init_captures
    Feature record: CXX_FEATURE:1cxx_local_type_template_args
    Feature record: CXX_FEATURE:1cxx_long_long_type
    Feature record: CXX_FEATURE:1cxx_noexcept
    Feature record: CXX_FEATURE:1cxx_nonstatic_member_init
    Feature record: CXX_FEATURE:1cxx_nullptr
    Feature record: CXX_FEATURE:1cxx_override
    Feature record: CXX_FEATURE:1cxx_range_for
    Feature record: CXX_FEATURE:1cxx_raw_string_literals
    Feature record: CXX_FEATURE:1cxx_reference_qualified_functions
    Feature record: CXX_FEATURE:1cxx_relaxed_constexpr
    Feature record: CXX_FEATURE:1cxx_return_type_deduction
    Feature record: CXX_FEATURE:1cxx_right_angle_brackets
    Feature record: CXX_FEATURE:1cxx_rvalue_references
    Feature record: CXX_FEATURE:1cxx_sizeof_member
    Feature record: CXX_FEATURE:1cxx_static_assert
    Feature record: CXX_FEATURE:1cxx_strong_enums
    Feature record: CXX_FEATURE:1cxx_template_template_parameters
    Feature record: CXX_FEATURE:1cxx_thread_local
    Feature record: CXX_FEATURE:1cxx_trailing_return_types
    Feature record: CXX_FEATURE:1cxx_unicode_literals
    Feature record: CXX_FEATURE:1cxx_uniform_initialization
    Feature record: CXX_FEATURE:1cxx_unrestricted_unions
    Feature record: CXX_FEATURE:1cxx_user_literals
    Feature record: CXX_FEATURE:1cxx_variable_templates
    Feature record: CXX_FEATURE:1cxx_variadic_macros
    Feature record: CXX_FEATURE:1cxx_variadic_templates


Detecting CXX [-std=c++11] compiler features compiled with the following output:
Change Dir: /home/sonne/codes/moris/projects/LINALG/CMakeFiles/CMakeTmp

Run Build Command:"/usr/bin/gmake" "cmTC_5801f/fast"
/usr/bin/gmake -f CMakeFiles/cmTC_5801f.dir/build.make CMakeFiles/cmTC_5801f.dir/build
gmake[1]: Entering directory '/home/sonne/codes/moris/projects/LINALG/CMakeFiles/CMakeTmp'
Building CXX object CMakeFiles/cmTC_5801f.dir/feature_tests.cxx.o
/home/sonne/tpls/gcc/bin/g++    -std=c++11 -o CMakeFiles/cmTC_5801f.dir/feature_tests.cxx.o -c /home/sonne/codes/moris/projects/LINALG/CMakeFiles/feature_tests.cxx
Linking CXX executable cmTC_5801f
/home/maute/tpls/cmake-3.8.0-rc2/bin/cmake -E cmake_link_script CMakeFiles/cmTC_5801f.dir/link.txt --verbose=1
/home/sonne/tpls/gcc/bin/g++       -rdynamic CMakeFiles/cmTC_5801f.dir/feature_tests.cxx.o  -o cmTC_5801f 
gmake[1]: Leaving directory '/home/sonne/codes/moris/projects/LINALG/CMakeFiles/CMakeTmp'


    Feature record: CXX_FEATURE:0cxx_aggregate_default_initializers
    Feature record: CXX_FEATURE:1cxx_alias_templates
    Feature record: CXX_FEATURE:1cxx_alignas
    Feature record: CXX_FEATURE:1cxx_alignof
    Feature record: CXX_FEATURE:1cxx_attributes
    Feature record: CXX_FEATURE:0cxx_attribute_deprecated
    Feature record: CXX_FEATURE:1cxx_auto_type
    Feature record: CXX_FEATURE:0cxx_binary_literals
    Feature record: CXX_FEATURE:1cxx_constexpr
    Feature record: CXX_FEATURE:0cxx_contextual_conversions
    Feature record: CXX_FEATURE:1cxx_decltype
    Feature record: CXX_FEATURE:0cxx_decltype_auto
    Feature record: CXX_FEATURE:1cxx_decltype_incomplete_return_types
    Feature record: CXX_FEATURE:1cxx_default_function_template_args
    Feature record: CXX_FEATURE:1cxx_defaulted_functions
    Feature record: CXX_FEATURE:1cxx_defaulted_move_initializers
    Feature record: CXX_FEATURE:1cxx_delegating_constructors
    Feature record: CXX_FEATURE:1cxx_deleted_functions
    Feature record: CXX_FEATURE:0cxx_digit_separators
    Feature record: CXX_FEATURE:1cxx_enum_forward_declarations
    Feature record: CXX_FEATURE:1cxx_explicit_conversions
    Feature record: CXX_FEATURE:1cxx_extended_friend_declarations
    Feature record: CXX_FEATURE:1cxx_extern_templates
    Feature record: CXX_FEATURE:1cxx_final
    Feature record: CXX_FEATURE:1cxx_func_identifier
    Feature record: CXX_FEATURE:1cxx_generalized_initializers
    Feature record: CXX_FEATURE:0cxx_generic_lambdas
    Feature record: CXX_FEATURE:1cxx_inheriting_constructors
    Feature record: CXX_FEATURE:1cxx_inline_namespaces
    Feature record: CXX_FEATURE:1cxx_lambdas
    Feature record: CXX_FEATURE:0cxx_lambda_init_captures
    Feature record: CXX_FEATURE:1cxx_local_type_template_args
    Feature record: CXX_FEATURE:1cxx_long_long_type
    Feature record: CXX_FEATURE:1cxx_noexcept
    Feature record: CXX_FEATURE:1cxx_nonstatic_member_init
    Feature record: CXX_FEATURE:1cxx_nullptr
    Feature record: CXX_FEATURE:1cxx_override
    Feature record: CXX_FEATURE:1cxx_range_for
    Feature record: CXX_FEATURE:1cxx_raw_string_literals
    Feature record: CXX_FEATURE:1cxx_reference_qualified_functions
    Feature record: CXX_FEATURE:0cxx_relaxed_constexpr
    Feature record: CXX_FEATURE:0cxx_return_type_deduction
    Feature record: CXX_FEATURE:1cxx_right_angle_brackets
    Feature record: CXX_FEATURE:1cxx_rvalue_references
    Feature record: CXX_FEATURE:1cxx_sizeof_member
    Feature record: CXX_FEATURE:1cxx_static_assert
    Feature record: CXX_FEATURE:1cxx_strong_enums
    Feature record: CXX_FEATURE:1cxx_template_template_parameters
    Feature record: CXX_FEATURE:1cxx_thread_local
    Feature record: CXX_FEATURE:1cxx_trailing_return_types
    Feature record: CXX_FEATURE:1cxx_unicode_literals
    Feature record: CXX_FEATURE:1cxx_uniform_initialization
    Feature record: CXX_FEATURE:1cxx_unrestricted_unions
    Feature record: CXX_FEATURE:1cxx_user_literals
    Feature record: CXX_FEATURE:0cxx_variable_templates
    Feature record: CXX_FEATURE:1cxx_variadic_macros
    Feature record: CXX_FEATURE:1cxx_variadic_templates


Detecting CXX [-std=c++98] compiler features compiled with the following output:
Change Dir: /home/sonne/codes/moris/projects/LINALG/CMakeFiles/CMakeTmp

Run Build Command:"/usr/bin/gmake" "cmTC_f6e13/fast"
/usr/bin/gmake -f CMakeFiles/cmTC_f6e13.dir/build.make CMakeFiles/cmTC_f6e13.dir/build
gmake[1]: Entering directory '/home/sonne/codes/moris/projects/LINALG/CMakeFiles/CMakeTmp'
Building CXX object CMakeFiles/cmTC_f6e13.dir/feature_tests.cxx.o
/home/sonne/tpls/gcc/bin/g++    -std=c++98 -o CMakeFiles/cmTC_f6e13.dir/feature_tests.cxx.o -c /home/sonne/codes/moris/projects/LINALG/CMakeFiles/feature_tests.cxx
Linking CXX executable cmTC_f6e13
/home/maute/tpls/cmake-3.8.0-rc2/bin/cmake -E cmake_link_script CMakeFiles/cmTC_f6e13.dir/link.txt --verbose=1
/home/sonne/tpls/gcc/bin/g++       -rdynamic CMakeFiles/cmTC_f6e13.dir/feature_tests.cxx.o  -o cmTC_f6e13 
gmake[1]: Leaving directory '/home/sonne/codes/moris/projects/LINALG/CMakeFiles/CMakeTmp'


    Feature record: CXX_FEATURE:0cxx_aggregate_default_initializers
    Feature record: CXX_FEATURE:0cxx_alias_templates
    Feature record: CXX_FEATURE:0cxx_alignas
    Feature record: CXX_FEATURE:0cxx_alignof
    Feature record: CXX_FEATURE:0cxx_attributes
    Feature record: CXX_FEATURE:0cxx_attribute_deprecated
    Feature record: CXX_FEATURE:0cxx_auto_type
    Feature record: CXX_FEATURE:0cxx_binary_literals
    Feature record: CXX_FEATURE:0cxx_constexpr
    Feature record: CXX_FEATURE:0cxx_contextual_conversions
    Feature record: CXX_FEATURE:0cxx_decltype
    Feature record: CXX_FEATURE:0cxx_decltype_auto
    Feature record: CXX_FEATURE:0cxx_decltype_incomplete_return_types
    Feature record: CXX_FEATURE:0cxx_default_function_template_args
    Feature record: CXX_FEATURE:0cxx_defaulted_functions
    Feature record: CXX_FEATURE:0cxx_defaulted_move_initializers
    Feature record: CXX_FEATURE:0cxx_delegating_constructors
    Feature record: CXX_FEATURE:0cxx_deleted_functions
    Feature record: CXX_FEATURE:0cxx_digit_separators
    Feature record: CXX_FEATURE:0cxx_enum_forward_declarations
    Feature record: CXX_FEATURE:0cxx_explicit_conversions
    Feature record: CXX_FEATURE:0cxx_extended_friend_declarations
    Feature record: CXX_FEATURE:0cxx_extern_templates
    Feature record: CXX_FEATURE:0cxx_final
    Feature record: CXX_FEATURE:0cxx_func_identifier
    Feature record: CXX_FEATURE:0cxx_generalized_initializers
    Feature record: CXX_FEATURE:0cxx_generic_lambdas
    Feature record: CXX_FEATURE:0cxx_inheriting_constructors
    Feature record: CXX_FEATURE:0cxx_inline_namespaces
    Feature record: CXX_FEATURE:0cxx_lambdas
    Feature record: CXX_FEATURE:0cxx_lambda_init_captures
    Feature record: CXX_FEATURE:0cxx_local_type_template_args
    Feature record: CXX_FEATURE:0cxx_long_long_type
    Feature record: CXX_FEATURE:0cxx_noexcept
    Feature record: CXX_FEATURE:0cxx_nonstatic_member_init
    Feature record: CXX_FEATURE:0cxx_nullptr
    Feature record: CXX_FEATURE:0cxx_override
    Feature record: CXX_FEATURE:0cxx_range_for
    Feature record: CXX_FEATURE:0cxx_raw_string_literals
    Feature record: CXX_FEATURE:0cxx_reference_qualified_functions
    Feature record: CXX_FEATURE:0cxx_relaxed_constexpr
    Feature record: CXX_FEATURE:0cxx_return_type_deduction
    Feature record: CXX_FEATURE:0cxx_right_angle_brackets
    Feature record: CXX_FEATURE:0cxx_rvalue_references
    Feature record: CXX_FEATURE:0cxx_sizeof_member
    Feature record: CXX_FEATURE:0cxx_static_assert
    Feature record: CXX_FEATURE:0cxx_strong_enums
    Feature record: CXX_FEATURE:1cxx_template_template_parameters
    Feature record: CXX_FEATURE:0cxx_thread_local
    Feature record: CXX_FEATURE:0cxx_trailing_return_types
    Feature record: CXX_FEATURE:0cxx_unicode_literals
    Feature record: CXX_FEATURE:0cxx_uniform_initialization
    Feature record: CXX_FEATURE:0cxx_unrestricted_unions
    Feature record: CXX_FEATURE:0cxx_user_literals
    Feature record: CXX_FEATURE:0cxx_variable_templates
    Feature record: CXX_FEATURE:0cxx_variadic_macros
    Feature record: CXX_FEATURE:0cxx_variadic_templates
