Determining if the pthread_create exist failed with the following output:
Change Dir: /home/schmidt/codes/moris/build/CMakeFiles/CMakeTmp

Run Build Command:"/usr/bin/gmake" "cmTC_f75a7/fast"
/usr/bin/gmake -f CMakeFiles/cmTC_f75a7.dir/build.make CMakeFiles/cmTC_f75a7.dir/build
gmake[1]: Entering directory '/home/schmidt/codes/moris/build/CMakeFiles/CMakeTmp'
Building C object CMakeFiles/cmTC_f75a7.dir/CheckSymbolExists.c.o
/home/schmidt/tpls/gcc/bin/gcc    -o CMakeFiles/cmTC_f75a7.dir/CheckSymbolExists.c.o   -c /home/schmidt/codes/moris/build/CMakeFiles/CMakeTmp/CheckSymbolExists.c
Linking C executable cmTC_f75a7
/home/maute/tpls/cmake-3.8.0-rc2/bin/cmake -E cmake_link_script CMakeFiles/cmTC_f75a7.dir/link.txt --verbose=1
/home/schmidt/tpls/gcc/bin/gcc      -rdynamic CMakeFiles/cmTC_f75a7.dir/CheckSymbolExists.c.o  -o cmTC_f75a7 
CMakeFiles/cmTC_f75a7.dir/CheckSymbolExists.c.o: In function `main':
CheckSymbolExists.c:(.text+0x16): undefined reference to `pthread_create'
collect2: error: ld returned 1 exit status
CMakeFiles/cmTC_f75a7.dir/build.make:97: recipe for target 'cmTC_f75a7' failed
gmake[1]: *** [cmTC_f75a7] Error 1
gmake[1]: Leaving directory '/home/schmidt/codes/moris/build/CMakeFiles/CMakeTmp'
Makefile:126: recipe for target 'cmTC_f75a7/fast' failed
gmake: *** [cmTC_f75a7/fast] Error 2

File /home/schmidt/codes/moris/build/CMakeFiles/CMakeTmp/CheckSymbolExists.c:
/* */
#include <pthread.h>

int main(int argc, char** argv)
{
  (void)argv;
#ifndef pthread_create
  return ((int*)(&pthread_create))[argc];
#else
  (void)argc;
  return 0;
#endif
}

Determining if the function pthread_create exists in the pthreads failed with the following output:
Change Dir: /home/schmidt/codes/moris/build/CMakeFiles/CMakeTmp

Run Build Command:"/usr/bin/gmake" "cmTC_9539a/fast"
/usr/bin/gmake -f CMakeFiles/cmTC_9539a.dir/build.make CMakeFiles/cmTC_9539a.dir/build
gmake[1]: Entering directory '/home/schmidt/codes/moris/build/CMakeFiles/CMakeTmp'
Building C object CMakeFiles/cmTC_9539a.dir/CheckFunctionExists.c.o
/home/schmidt/tpls/gcc/bin/gcc   -DCHECK_FUNCTION_EXISTS=pthread_create   -o CMakeFiles/cmTC_9539a.dir/CheckFunctionExists.c.o   -c /home/maute/tpls/cmake-3.8.0-rc2/share/cmake-3.8/Modules/CheckFunctionExists.c
Linking C executable cmTC_9539a
/home/maute/tpls/cmake-3.8.0-rc2/bin/cmake -E cmake_link_script CMakeFiles/cmTC_9539a.dir/link.txt --verbose=1
/home/schmidt/tpls/gcc/bin/gcc  -DCHECK_FUNCTION_EXISTS=pthread_create    -rdynamic CMakeFiles/cmTC_9539a.dir/CheckFunctionExists.c.o  -o cmTC_9539a -lpthreads 
/usr/bin/ld: cannot find -lpthreads
collect2: error: ld returned 1 exit status
CMakeFiles/cmTC_9539a.dir/build.make:97: recipe for target 'cmTC_9539a' failed
gmake[1]: *** [cmTC_9539a] Error 1
gmake[1]: Leaving directory '/home/schmidt/codes/moris/build/CMakeFiles/CMakeTmp'
Makefile:126: recipe for target 'cmTC_9539a/fast' failed
gmake: *** [cmTC_9539a/fast] Error 2


